<?xml version="1.0" encoding="UTF-8"?>
<!-- Generated by org.testng.reporters.JUnitReportReporter -->
<testsuite skipped="0" hostname="LAPTOP-I5PDOA9T" name="maventesting.studymaven.RegressionTest" tests="1" failures="0" timestamp="2021-06-10T18:22:44 IST" time="0.000" errors="0">
  <testcase name="f" time="0.000" classname="maventesting.studymaven.RegressionTest"/>
  <system-out/>
</testsuite> <!-- maventesting.studymaven.RegressionTest -->
